2024-03-13 14:03:46.351 [info] Log level: Info
2024-03-13 14:03:46.351 [info] Validating found git in: "git"
2024-03-13 14:03:46.351 [info] Using git "2.34.1" from "git"
2024-03-13 14:03:46.351 [info] > git rev-parse --show-toplevel [4ms]
2024-03-13 14:03:46.351 [info] fatal: not a git repository (or any of the parent directories): .git
2024-03-13 14:03:46.355 [info] > git rev-parse --show-toplevel [5ms]
2024-03-13 14:03:46.355 [info] fatal: not a git repository (or any of the parent directories): .git
2024-03-13 14:03:46.363 [info] > git rev-parse --show-toplevel [3ms]
2024-03-13 14:03:46.363 [info] fatal: not a git repository (or any of the parent directories): .git
2024-03-13 14:03:46.368 [info] > git rev-parse --show-toplevel [1ms]
2024-03-13 14:03:46.369 [info] fatal: not a git repository (or any of the parent directories): .git
2024-03-13 14:03:46.376 [info] > git rev-parse --show-toplevel [4ms]
2024-03-13 14:03:46.389 [info] > git rev-parse --git-dir --git-common-dir [1ms]
2024-03-13 14:03:46.405 [info] Open repository: /home/linux/mysql
2024-03-13 14:03:46.421 [info] No remotes found in the git config file.
2024-03-13 14:03:46.423 [info] > git config --get commit.template [7ms]
2024-03-13 14:03:46.424 [info] > git for-each-ref --format=%(refname)%00%(upstream:short)%00%(objectname)%00%(upstream:track)%00%(upstream:remotename)%00%(upstream:remoteref) refs/heads/master refs/remotes/master [3ms]
2024-03-13 14:03:46.443 [info] > git status -z -uall [7ms]
2024-03-13 14:03:46.458 [info] No remotes found in the git config file.
2024-03-13 14:03:46.459 [info] > git config --get commit.template [6ms]
2024-03-13 14:03:46.459 [info] > git for-each-ref --format=%(refname)%00%(upstream:short)%00%(objectname)%00%(upstream:track)%00%(upstream:remotename)%00%(upstream:remoteref) refs/heads/master refs/remotes/master [2ms]
2024-03-13 14:03:46.468 [info] > git status -z -uall [4ms]
2024-03-13 14:03:46.946 [info] > git check-ignore -v -z --stdin [1ms]
2024-03-13 14:03:56.547 [info] > git check-ignore -v -z --stdin [1ms]
2024-03-13 14:03:57.687 [info] > git show --textconv :html/docker-compose.yml [19ms]
2024-03-13 14:03:57.688 [info] > git ls-files --stage -- /home/linux/mysql/html/docker-compose.yml [2ms]
2024-03-13 14:03:57.725 [info] > git cat-file -s 52e58362fdbec4e3b1767f8fa6e544ea2bc58813 [21ms]
2024-03-13 14:10:57.613 [info] > git check-ignore -v -z --stdin [2ms]
2024-03-13 14:11:01.390 [info] No remotes found in the git config file.
2024-03-13 14:11:01.391 [info] > git config --get commit.template [7ms]
2024-03-13 14:11:01.392 [info] > git for-each-ref --format=%(refname)%00%(upstream:short)%00%(objectname)%00%(upstream:track)%00%(upstream:remotename)%00%(upstream:remoteref) refs/heads/master refs/remotes/master [3ms]
2024-03-13 14:11:01.480 [info] > git status -z -uall [83ms]
2024-03-13 14:11:06.503 [info] No remotes found in the git config file.
2024-03-13 14:11:06.504 [info] > git config --get commit.template [8ms]
2024-03-13 14:11:06.506 [info] > git for-each-ref --format=%(refname)%00%(upstream:short)%00%(objectname)%00%(upstream:track)%00%(upstream:remotename)%00%(upstream:remoteref) refs/heads/master refs/remotes/master [3ms]
2024-03-13 14:11:06.855 [info] > git status -z -uall [340ms]
2024-03-13 14:13:54.155 [info] No remotes found in the git config file.
2024-03-13 14:13:54.156 [info] > git for-each-ref --format=%(refname)%00%(upstream:short)%00%(objectname)%00%(upstream:track)%00%(upstream:remotename)%00%(upstream:remoteref) refs/heads/master refs/remotes/master [1ms]
2024-03-13 14:13:54.156 [info] > git config --get commit.template [23ms]
2024-03-13 14:13:54.431 [info] > git status -z -uall [267ms]
2024-03-13 14:13:59.450 [info] No remotes found in the git config file.
2024-03-13 14:13:59.451 [info] > git config --get commit.template [9ms]
2024-03-13 14:13:59.451 [info] > git for-each-ref --format=%(refname)%00%(upstream:short)%00%(objectname)%00%(upstream:track)%00%(upstream:remotename)%00%(upstream:remoteref) refs/heads/master refs/remotes/master [1ms]
2024-03-13 14:13:59.725 [info] > git status -z -uall [269ms]
2024-03-13 14:14:06.420 [info] > git show --textconv :html/docker-compose.yml [6ms]
2024-03-13 14:14:06.422 [info] > git ls-files --stage -- /home/linux/mysql/html/docker-compose.yml [1ms]
2024-03-13 14:14:06.430 [info] > git cat-file -s 52e58362fdbec4e3b1767f8fa6e544ea2bc58813 [1ms]
2024-03-13 14:14:21.677 [info] No remotes found in the git config file.
2024-03-13 14:14:21.677 [info] > git config --get commit.template [8ms]
2024-03-13 14:14:21.678 [info] > git for-each-ref --format=%(refname)%00%(upstream:short)%00%(objectname)%00%(upstream:track)%00%(upstream:remotename)%00%(upstream:remoteref) refs/heads/master refs/remotes/master [2ms]
2024-03-13 14:14:21.920 [info] > git status -z -uall [230ms]
