2024-03-13 14:44:59.249 [info] Extension host with pid 1690 started
2024-03-13 14:44:59.249 [error] Error: EEXIST: file already exists, open '/home/linux/.vscode-server/data/User/workspaceStorage/bd08fce859c8d4873ca12edb930c23b4/vscode.lock'
2024-03-13 14:44:59.259 [info] Lock '/home/linux/.vscode-server/data/User/workspaceStorage/bd08fce859c8d4873ca12edb930c23b4/vscode.lock': Could not acquire lock, checking if the file is stale.
2024-03-13 14:44:59.300 [info] Lock '/home/linux/.vscode-server/data/User/workspaceStorage/bd08fce859c8d4873ca12edb930c23b4/vscode.lock': The pid 2615 appears to be gone.
2024-03-13 14:44:59.300 [info] Lock '/home/linux/.vscode-server/data/User/workspaceStorage/bd08fce859c8d4873ca12edb930c23b4/vscode.lock': Deleting a stale lock.
2024-03-13 14:44:59.356 [info] ExtensionService#_doActivateExtension vscode.emmet, startup: false, activationEvent: 'onLanguage'
2024-03-13 14:44:59.369 [info] ExtensionService#_doActivateExtension vscode.tunnel-forwarding, startup: false, activationEvent: 'onTunnel'
2024-03-13 14:44:59.370 [info] ExtensionService#_doActivateExtension ms-azuretools.vscode-docker, startup: false, activationEvent: 'onLanguage:dockercompose'
2024-03-13 14:45:00.470 [info] ExtensionService#_doActivateExtension vscode.git-base, startup: true, activationEvent: '*', root cause: vscode.git
2024-03-13 14:45:00.548 [info] Lock '/home/linux/.vscode-server/data/User/workspaceStorage/bd08fce859c8d4873ca12edb930c23b4/vscode.lock': Lock acquired.
2024-03-13 14:45:00.762 [info] ExtensionService#_doActivateExtension vscode.git, startup: true, activationEvent: '*'
2024-03-13 14:45:00.762 [info] ExtensionService#_doActivateExtension vscode.github, startup: true, activationEvent: '*'
2024-03-13 14:45:01.327 [info] Eager extensions activated
2024-03-13 14:45:01.327 [info] ExtensionService#_doActivateExtension vscode.debug-auto-launch, startup: false, activationEvent: 'onStartupFinished'
2024-03-13 14:45:01.327 [info] ExtensionService#_doActivateExtension vscode.merge-conflict, startup: false, activationEvent: 'onStartupFinished'
2024-03-13 14:46:00.964 [warning] [Decorations] CAPPING events from decorations provider vscode.git 2408
2024-03-13 14:46:01.569 [warning] [Decorations] CAPPING events from decorations provider vscode.git 2408
2024-03-13 14:46:03.712 [warning] [Decorations] CAPPING events from decorations provider vscode.git 2408
2024-03-13 14:46:08.822 [warning] [Decorations] CAPPING events from decorations provider vscode.git 2408
2024-03-13 14:46:13.932 [warning] [Decorations] CAPPING events from decorations provider vscode.git 2408
2024-03-13 14:46:19.033 [warning] [Decorations] CAPPING events from decorations provider vscode.git 2408
2024-03-13 14:46:24.146 [warning] [Decorations] CAPPING events from decorations provider vscode.git 2408
2024-03-13 14:46:29.248 [warning] [Decorations] CAPPING events from decorations provider vscode.git 2408
2024-03-13 14:46:34.353 [warning] [Decorations] CAPPING events from decorations provider vscode.git 2408
2024-03-13 14:46:39.447 [warning] [Decorations] CAPPING events from decorations provider vscode.git 2408
2024-03-13 14:46:44.793 [warning] [Decorations] CAPPING events from decorations provider vscode.git 2408
2024-03-13 14:46:49.889 [warning] [Decorations] CAPPING events from decorations provider vscode.git 2408
2024-03-13 14:46:54.994 [warning] [Decorations] CAPPING events from decorations provider vscode.git 2408
2024-03-13 14:47:00.094 [warning] [Decorations] CAPPING events from decorations provider vscode.git 2408
2024-03-13 14:47:05.236 [warning] [Decorations] CAPPING events from decorations provider vscode.git 2408
2024-03-13 14:47:10.365 [warning] [Decorations] CAPPING events from decorations provider vscode.git 2408
2024-03-13 14:47:15.467 [warning] [Decorations] CAPPING events from decorations provider vscode.git 2408
2024-03-13 14:47:20.554 [warning] [Decorations] CAPPING events from decorations provider vscode.git 2408
2024-03-13 14:47:25.651 [warning] [Decorations] CAPPING events from decorations provider vscode.git 2408
2024-03-13 14:47:30.766 [warning] [Decorations] CAPPING events from decorations provider vscode.git 2408
2024-03-13 14:47:35.871 [warning] [Decorations] CAPPING events from decorations provider vscode.git 2408
2024-03-13 14:47:40.980 [warning] [Decorations] CAPPING events from decorations provider vscode.git 2408
2024-03-13 14:47:46.103 [warning] [Decorations] CAPPING events from decorations provider vscode.git 2408
2024-03-13 14:47:51.211 [warning] [Decorations] CAPPING events from decorations provider vscode.git 2407
2024-03-13 14:47:56.331 [warning] [Decorations] CAPPING events from decorations provider vscode.git 2407
2024-03-13 14:48:01.444 [warning] [Decorations] CAPPING events from decorations provider vscode.git 2407
2024-03-13 14:48:06.557 [warning] [Decorations] CAPPING events from decorations provider vscode.git 2407
2024-03-13 14:48:11.661 [warning] [Decorations] CAPPING events from decorations provider vscode.git 2407
2024-03-13 14:48:16.755 [warning] [Decorations] CAPPING events from decorations provider vscode.git 2407
2024-03-13 14:48:21.872 [warning] [Decorations] CAPPING events from decorations provider vscode.git 2407
2024-03-13 14:49:06.825 [warning] [Decorations] CAPPING events from decorations provider vscode.git 2407
2024-03-13 14:49:11.947 [warning] [Decorations] CAPPING events from decorations provider vscode.git 2407
2024-03-13 14:49:17.064 [warning] [Decorations] CAPPING events from decorations provider vscode.git 2407
2024-03-13 14:49:22.159 [warning] [Decorations] CAPPING events from decorations provider vscode.git 2407
2024-03-13 14:58:22.763 [warning] [Decorations] CAPPING events from decorations provider vscode.git 2407
2024-03-13 14:58:27.888 [warning] [Decorations] CAPPING events from decorations provider vscode.git 2407
2024-03-13 14:58:32.979 [warning] [Decorations] CAPPING events from decorations provider vscode.git 2407
2024-03-13 14:58:38.072 [warning] [Decorations] CAPPING events from decorations provider vscode.git 2407
2024-03-13 14:58:43.184 [warning] [Decorations] CAPPING events from decorations provider vscode.git 2407
2024-03-13 14:58:48.279 [warning] [Decorations] CAPPING events from decorations provider vscode.git 2407
2024-03-13 14:58:53.373 [warning] [Decorations] CAPPING events from decorations provider vscode.git 2407
2024-03-13 14:58:58.463 [warning] [Decorations] CAPPING events from decorations provider vscode.git 2407
2024-03-13 14:59:03.560 [warning] [Decorations] CAPPING events from decorations provider vscode.git 2407
2024-03-13 14:59:08.666 [warning] [Decorations] CAPPING events from decorations provider vscode.git 2407
2024-03-13 14:59:13.812 [warning] [Decorations] CAPPING events from decorations provider vscode.git 2407
2024-03-13 14:59:18.920 [warning] [Decorations] CAPPING events from decorations provider vscode.git 2407
2024-03-13 14:59:24.029 [warning] [Decorations] CAPPING events from decorations provider vscode.git 2407
2024-03-13 14:59:29.141 [warning] [Decorations] CAPPING events from decorations provider vscode.git 2407
2024-03-13 14:59:34.242 [warning] [Decorations] CAPPING events from decorations provider vscode.git 2407
2024-03-13 14:59:39.344 [warning] [Decorations] CAPPING events from decorations provider vscode.git 2407
2024-03-13 14:59:44.444 [warning] [Decorations] CAPPING events from decorations provider vscode.git 2407
2024-03-13 14:59:49.535 [warning] [Decorations] CAPPING events from decorations provider vscode.git 2407
2024-03-13 14:59:54.648 [warning] [Decorations] CAPPING events from decorations provider vscode.git 2407
2024-03-13 14:59:59.754 [warning] [Decorations] CAPPING events from decorations provider vscode.git 2407
