*
* Visual Studio Code Server
*
* By using the software, you agree to
* the Visual Studio Code Server License Terms (https://aka.ms/vscode-server-license) and
* the Microsoft Privacy Statement (https://privacy.microsoft.com/en-US/privacystatement).
*
Server bound to 127.0.0.1:37001 (IPv4)
Extension host agent listening on 37001

[14:44:41] 




[14:44:41] Extension host agent started.
[14:44:41] [127.0.0.1][c56c4c3d][ExtensionHostConnection] New connection established.
[14:44:41] [127.0.0.1][5f038eaf][ManagementConnection] New connection established.
[14:44:41] [127.0.0.1][c56c4c3d][ExtensionHostConnection] <1535> Launched Extension Host Process.
rejected promise not handled within 1 second: CodeExpectedError: Could not find pty on pty host
stack trace: CodeExpectedError: Could not find pty on pty host
    at D.U (/home/linux/.vscode-server/bin/1e790d77f81672c49be070e04474901747115651/out/vs/platform/terminal/node/ptyHostMain.js:43:32578)
    at D.updateTitle (/home/linux/.vscode-server/bin/1e790d77f81672c49be070e04474901747115651/out/vs/platform/terminal/node/ptyHostMain.js:43:27710)
    at T.<computed> (/home/linux/.vscode-server/bin/1e790d77f81672c49be070e04474901747115651/out/vs/platform/terminal/node/ptyHostMain.js:43:22925)
    at Object.call (/home/linux/.vscode-server/bin/1e790d77f81672c49be070e04474901747115651/out/vs/platform/terminal/node/ptyHostMain.js:34:5061)
    at u.s (/home/linux/.vscode-server/bin/1e790d77f81672c49be070e04474901747115651/out/vs/platform/terminal/node/ptyHostMain.js:32:5165)
    at u.q (/home/linux/.vscode-server/bin/1e790d77f81672c49be070e04474901747115651/out/vs/platform/terminal/node/ptyHostMain.js:32:4667)
    at l.value (/home/linux/.vscode-server/bin/1e790d77f81672c49be070e04474901747115651/out/vs/platform/terminal/node/ptyHostMain.js:32:4065)
    at m.y (/home/linux/.vscode-server/bin/1e790d77f81672c49be070e04474901747115651/out/vs/platform/terminal/node/ptyHostMain.js:27:1906)
    at m.fire (/home/linux/.vscode-server/bin/1e790d77f81672c49be070e04474901747115651/out/vs/platform/terminal/node/ptyHostMain.js:27:2123)
    at process._ (/home/linux/.vscode-server/bin/1e790d77f81672c49be070e04474901747115651/out/vs/platform/terminal/node/ptyHostMain.js:25:10025)
    at process.emit (node:events:514:28)
    at emit (node:internal/child_process:937:14)
    at process.processTicksAndRejections (node:internal/process/task_queues:83:21)
[14:44:44] Error [CodeExpectedError]: Could not find pty on pty host
    at D.U (/home/linux/.vscode-server/bin/1e790d77f81672c49be070e04474901747115651/out/vs/platform/terminal/node/ptyHostMain.js:43:32578)
    at D.updateTitle (/home/linux/.vscode-server/bin/1e790d77f81672c49be070e04474901747115651/out/vs/platform/terminal/node/ptyHostMain.js:43:27710)
    at T.<computed> (/home/linux/.vscode-server/bin/1e790d77f81672c49be070e04474901747115651/out/vs/platform/terminal/node/ptyHostMain.js:43:22925)
    at Object.call (/home/linux/.vscode-server/bin/1e790d77f81672c49be070e04474901747115651/out/vs/platform/terminal/node/ptyHostMain.js:34:5061)
    at u.s (/home/linux/.vscode-server/bin/1e790d77f81672c49be070e04474901747115651/out/vs/platform/terminal/node/ptyHostMain.js:32:5165)
    at u.q (/home/linux/.vscode-server/bin/1e790d77f81672c49be070e04474901747115651/out/vs/platform/terminal/node/ptyHostMain.js:32:4667)
    at l.value (/home/linux/.vscode-server/bin/1e790d77f81672c49be070e04474901747115651/out/vs/platform/terminal/node/ptyHostMain.js:32:4065)
    at m.y (/home/linux/.vscode-server/bin/1e790d77f81672c49be070e04474901747115651/out/vs/platform/terminal/node/ptyHostMain.js:27:1906)
    at m.fire (/home/linux/.vscode-server/bin/1e790d77f81672c49be070e04474901747115651/out/vs/platform/terminal/node/ptyHostMain.js:27:2123)
    at process._ (/home/linux/.vscode-server/bin/1e790d77f81672c49be070e04474901747115651/out/vs/platform/terminal/node/ptyHostMain.js:25:10025)
    at process.emit (node:events:514:28)
    at emit (node:internal/child_process:937:14)
    at process.processTicksAndRejections (node:internal/process/task_queues:83:21)
[14:44:53] [127.0.0.1][5f038eaf][ManagementConnection] The client has disconnected gracefully, so the connection will be disposed.
[14:44:53] [127.0.0.1][c56c4c3d][ExtensionHostConnection] <1535> Extension Host Process exited with code: 0, signal: null.
Cancelling previous shutdown timeout
[14:44:53] Cancelling previous shutdown timeout
Last EH closed, waiting before shutting down
[14:44:53] Last EH closed, waiting before shutting down
Got delay-shutdown request while in shutdown timeout, delaying
[14:44:58] Got delay-shutdown request while in shutdown timeout, delaying
Cancelling previous shutdown timeout
[14:44:58] Cancelling previous shutdown timeout
[14:44:58] [127.0.0.1][59ef5d61][ManagementConnection] New connection established.
[14:44:58] [127.0.0.1][c2091800][ExtensionHostConnection] New connection established.
[14:44:58] [127.0.0.1][c2091800][ExtensionHostConnection] <1690> Launched Extension Host Process.
rejected promise not handled within 1 second: CodeExpectedError: Could not find pty on pty host
stack trace: CodeExpectedError: Could not find pty on pty host
    at D.U (/home/linux/.vscode-server/bin/1e790d77f81672c49be070e04474901747115651/out/vs/platform/terminal/node/ptyHostMain.js:43:32578)
    at D.updateTitle (/home/linux/.vscode-server/bin/1e790d77f81672c49be070e04474901747115651/out/vs/platform/terminal/node/ptyHostMain.js:43:27710)
    at T.<computed> (/home/linux/.vscode-server/bin/1e790d77f81672c49be070e04474901747115651/out/vs/platform/terminal/node/ptyHostMain.js:43:22925)
    at Object.call (/home/linux/.vscode-server/bin/1e790d77f81672c49be070e04474901747115651/out/vs/platform/terminal/node/ptyHostMain.js:34:5061)
    at u.s (/home/linux/.vscode-server/bin/1e790d77f81672c49be070e04474901747115651/out/vs/platform/terminal/node/ptyHostMain.js:32:5165)
    at u.q (/home/linux/.vscode-server/bin/1e790d77f81672c49be070e04474901747115651/out/vs/platform/terminal/node/ptyHostMain.js:32:4667)
    at l.value (/home/linux/.vscode-server/bin/1e790d77f81672c49be070e04474901747115651/out/vs/platform/terminal/node/ptyHostMain.js:32:4065)
    at m.y (/home/linux/.vscode-server/bin/1e790d77f81672c49be070e04474901747115651/out/vs/platform/terminal/node/ptyHostMain.js:27:1906)
    at m.fire (/home/linux/.vscode-server/bin/1e790d77f81672c49be070e04474901747115651/out/vs/platform/terminal/node/ptyHostMain.js:27:2123)
    at process._ (/home/linux/.vscode-server/bin/1e790d77f81672c49be070e04474901747115651/out/vs/platform/terminal/node/ptyHostMain.js:25:10025)
    at process.emit (node:events:514:28)
    at emit (node:internal/child_process:937:14)
    at process.processTicksAndRejections (node:internal/process/task_queues:83:21)
[14:45:00] Error [CodeExpectedError]: Could not find pty on pty host
    at D.U (/home/linux/.vscode-server/bin/1e790d77f81672c49be070e04474901747115651/out/vs/platform/terminal/node/ptyHostMain.js:43:32578)
    at D.updateTitle (/home/linux/.vscode-server/bin/1e790d77f81672c49be070e04474901747115651/out/vs/platform/terminal/node/ptyHostMain.js:43:27710)
    at T.<computed> (/home/linux/.vscode-server/bin/1e790d77f81672c49be070e04474901747115651/out/vs/platform/terminal/node/ptyHostMain.js:43:22925)
    at Object.call (/home/linux/.vscode-server/bin/1e790d77f81672c49be070e04474901747115651/out/vs/platform/terminal/node/ptyHostMain.js:34:5061)
    at u.s (/home/linux/.vscode-server/bin/1e790d77f81672c49be070e04474901747115651/out/vs/platform/terminal/node/ptyHostMain.js:32:5165)
    at u.q (/home/linux/.vscode-server/bin/1e790d77f81672c49be070e04474901747115651/out/vs/platform/terminal/node/ptyHostMain.js:32:4667)
    at l.value (/home/linux/.vscode-server/bin/1e790d77f81672c49be070e04474901747115651/out/vs/platform/terminal/node/ptyHostMain.js:32:4065)
    at m.y (/home/linux/.vscode-server/bin/1e790d77f81672c49be070e04474901747115651/out/vs/platform/terminal/node/ptyHostMain.js:27:1906)
    at m.fire (/home/linux/.vscode-server/bin/1e790d77f81672c49be070e04474901747115651/out/vs/platform/terminal/node/ptyHostMain.js:27:2123)
    at process._ (/home/linux/.vscode-server/bin/1e790d77f81672c49be070e04474901747115651/out/vs/platform/terminal/node/ptyHostMain.js:25:10025)
    at process.emit (node:events:514:28)
    at emit (node:internal/child_process:937:14)
    at process.processTicksAndRejections (node:internal/process/task_queues:83:21)
New EH opened, aborting shutdown
[14:49:58] New EH opened, aborting shutdown
