*
* Visual Studio Code Server
*
* By using the software, you agree to
* the Visual Studio Code Server License Terms (https://aka.ms/vscode-server-license) and
* the Microsoft Privacy Statement (https://privacy.microsoft.com/en-US/privacystatement).
*
Server bound to 127.0.0.1:36203 (IPv4)
Extension host agent listening on 36203

[17:38:14] 




[17:38:14] Extension host agent started.
[17:38:14] [127.0.0.1][76f41534][ManagementConnection] New connection established.
[17:38:14] [127.0.0.1][25cf1b67][ExtensionHostConnection] New connection established.
[17:38:14] [127.0.0.1][25cf1b67][ExtensionHostConnection] <2113> Launched Extension Host Process.
rejected promise not handled within 1 second: CodeExpectedError: Could not find pty on pty host
stack trace: CodeExpectedError: Could not find pty on pty host
    at A.U (/home/linux/.vscode-server/bin/903b1e9d8990623e3d7da1df3d33db3e42d80eda/out/vs/platform/terminal/node/ptyHostMain.js:43:32407)
    at A.updateTitle (/home/linux/.vscode-server/bin/903b1e9d8990623e3d7da1df3d33db3e42d80eda/out/vs/platform/terminal/node/ptyHostMain.js:43:27539)
    at U.<computed> (/home/linux/.vscode-server/bin/903b1e9d8990623e3d7da1df3d33db3e42d80eda/out/vs/platform/terminal/node/ptyHostMain.js:43:22765)
    at Object.call (/home/linux/.vscode-server/bin/903b1e9d8990623e3d7da1df3d33db3e42d80eda/out/vs/platform/terminal/node/ptyHostMain.js:34:5041)
    at $.s (/home/linux/.vscode-server/bin/903b1e9d8990623e3d7da1df3d33db3e42d80eda/out/vs/platform/terminal/node/ptyHostMain.js:32:5153)
    at $.q (/home/linux/.vscode-server/bin/903b1e9d8990623e3d7da1df3d33db3e42d80eda/out/vs/platform/terminal/node/ptyHostMain.js:32:4662)
    at a.value (/home/linux/.vscode-server/bin/903b1e9d8990623e3d7da1df3d33db3e42d80eda/out/vs/platform/terminal/node/ptyHostMain.js:32:4064)
    at d.y (/home/linux/.vscode-server/bin/903b1e9d8990623e3d7da1df3d33db3e42d80eda/out/vs/platform/terminal/node/ptyHostMain.js:27:1906)
    at d.fire (/home/linux/.vscode-server/bin/903b1e9d8990623e3d7da1df3d33db3e42d80eda/out/vs/platform/terminal/node/ptyHostMain.js:27:2123)
    at process.ne (/home/linux/.vscode-server/bin/903b1e9d8990623e3d7da1df3d33db3e42d80eda/out/vs/platform/terminal/node/ptyHostMain.js:25:10072)
    at process.emit (node:events:514:28)
    at emit (node:internal/child_process:937:14)
    at process.processTicksAndRejections (node:internal/process/task_queues:83:21)
[17:38:17] Error [CodeExpectedError]: Could not find pty on pty host
    at A.U (/home/linux/.vscode-server/bin/903b1e9d8990623e3d7da1df3d33db3e42d80eda/out/vs/platform/terminal/node/ptyHostMain.js:43:32407)
    at A.updateTitle (/home/linux/.vscode-server/bin/903b1e9d8990623e3d7da1df3d33db3e42d80eda/out/vs/platform/terminal/node/ptyHostMain.js:43:27539)
    at U.<computed> (/home/linux/.vscode-server/bin/903b1e9d8990623e3d7da1df3d33db3e42d80eda/out/vs/platform/terminal/node/ptyHostMain.js:43:22765)
    at Object.call (/home/linux/.vscode-server/bin/903b1e9d8990623e3d7da1df3d33db3e42d80eda/out/vs/platform/terminal/node/ptyHostMain.js:34:5041)
    at $.s (/home/linux/.vscode-server/bin/903b1e9d8990623e3d7da1df3d33db3e42d80eda/out/vs/platform/terminal/node/ptyHostMain.js:32:5153)
    at $.q (/home/linux/.vscode-server/bin/903b1e9d8990623e3d7da1df3d33db3e42d80eda/out/vs/platform/terminal/node/ptyHostMain.js:32:4662)
    at a.value (/home/linux/.vscode-server/bin/903b1e9d8990623e3d7da1df3d33db3e42d80eda/out/vs/platform/terminal/node/ptyHostMain.js:32:4064)
    at d.y (/home/linux/.vscode-server/bin/903b1e9d8990623e3d7da1df3d33db3e42d80eda/out/vs/platform/terminal/node/ptyHostMain.js:27:1906)
    at d.fire (/home/linux/.vscode-server/bin/903b1e9d8990623e3d7da1df3d33db3e42d80eda/out/vs/platform/terminal/node/ptyHostMain.js:27:2123)
    at process.ne (/home/linux/.vscode-server/bin/903b1e9d8990623e3d7da1df3d33db3e42d80eda/out/vs/platform/terminal/node/ptyHostMain.js:25:10072)
    at process.emit (node:events:514:28)
    at emit (node:internal/child_process:937:14)
    at process.processTicksAndRejections (node:internal/process/task_queues:83:21)
[17:38:20] [127.0.0.1][76f41534][ManagementConnection] The client has disconnected gracefully, so the connection will be disposed.
[17:38:20] [127.0.0.1][25cf1b67][ExtensionHostConnection] <2113> Extension Host Process exited with code: 0, signal: null.
Cancelling previous shutdown timeout
[17:38:20] Cancelling previous shutdown timeout
Last EH closed, waiting before shutting down
[17:38:20] Last EH closed, waiting before shutting down
Got delay-shutdown request while in shutdown timeout, delaying
[17:38:23] Got delay-shutdown request while in shutdown timeout, delaying
Cancelling previous shutdown timeout
[17:38:23] Cancelling previous shutdown timeout
[17:38:23] [127.0.0.1][0b5299d5][ManagementConnection] New connection established.
[17:38:23] [127.0.0.1][51a2c08c][ExtensionHostConnection] New connection established.
[17:38:23] [127.0.0.1][51a2c08c][ExtensionHostConnection] <2259> Launched Extension Host Process.
[17:41:10] [File Watcher (node.js)] Watcher shutdown because watched path got deleted
New EH opened, aborting shutdown
[17:43:23] New EH opened, aborting shutdown
